<?xml version="1.0" encoding="UTF-8"?>
<testng-results skipped="0" failed="1" ignored="0" total="5" passed="4">
  <reporter-output>
  </reporter-output>
  <suite name="testsuite" duration-ms="48949" started-at="2023-07-16T15:13:30 BST" finished-at="2023-07-16T15:14:19 BST">
    <groups>
    </groups>
    <test name="Bank Test" duration-ms="48949" started-at="2023-07-16T15:13:30 BST" finished-at="2023-07-16T15:14:19 BST">
      <class name="com.bank.testsuite.BankTest">
        <test-method status="PASS" signature="setUp()[pri:0, instance:com.bank.testsuite.BankTest@7494e528]" name="setUp" is-config="true" duration-ms="3956" started-at="2023-07-16T15:13:30 BST" finished-at="2023-07-16T15:13:34 BST">
          <reporter-output>
          </reporter-output>
        </test-method> <!-- setUp -->
        <test-method status="PASS" signature="inIT()[pri:0, instance:com.bank.testsuite.BankTest@7494e528]" name="inIT" is-config="true" duration-ms="20" started-at="2023-07-16T15:13:34 BST" finished-at="2023-07-16T15:13:34 BST">
          <reporter-output>
          </reporter-output>
        </test-method> <!-- inIT -->
        <test-method status="PASS" signature="bankManagerShouldAddCustomerSuccessfully()[pri:0, instance:com.bank.testsuite.BankTest@7494e528]" name="bankManagerShouldAddCustomerSuccessfully" duration-ms="6015" started-at="2023-07-16T15:13:34 BST" finished-at="2023-07-16T15:13:40 BST">
          <reporter-output>
          </reporter-output>
        </test-method> <!-- bankManagerShouldAddCustomerSuccessfully -->
        <test-method status="PASS" signature="tearDown()[pri:0, instance:com.bank.testsuite.BankTest@7494e528]" name="tearDown" is-config="true" duration-ms="697" started-at="2023-07-16T15:13:40 BST" finished-at="2023-07-16T15:13:41 BST">
          <reporter-output>
          </reporter-output>
        </test-method> <!-- tearDown -->
        <test-method status="PASS" signature="setUp()[pri:0, instance:com.bank.testsuite.BankTest@7494e528]" name="setUp" is-config="true" duration-ms="2600" started-at="2023-07-16T15:13:41 BST" finished-at="2023-07-16T15:13:44 BST">
          <reporter-output>
          </reporter-output>
        </test-method> <!-- setUp -->
        <test-method status="PASS" signature="inIT()[pri:0, instance:com.bank.testsuite.BankTest@7494e528]" name="inIT" is-config="true" duration-ms="1" started-at="2023-07-16T15:13:44 BST" finished-at="2023-07-16T15:13:44 BST">
          <reporter-output>
          </reporter-output>
        </test-method> <!-- inIT -->
        <test-method status="PASS" signature="bankManagerShouldOpenAccountSuccessfully()[pri:0, instance:com.bank.testsuite.BankTest@7494e528]" name="bankManagerShouldOpenAccountSuccessfully" duration-ms="6001" started-at="2023-07-16T15:13:44 BST" finished-at="2023-07-16T15:13:50 BST">
          <reporter-output>
          </reporter-output>
        </test-method> <!-- bankManagerShouldOpenAccountSuccessfully -->
        <test-method status="PASS" signature="tearDown()[pri:0, instance:com.bank.testsuite.BankTest@7494e528]" name="tearDown" is-config="true" duration-ms="726" started-at="2023-07-16T15:13:50 BST" finished-at="2023-07-16T15:13:50 BST">
          <reporter-output>
          </reporter-output>
        </test-method> <!-- tearDown -->
        <test-method status="PASS" signature="setUp()[pri:0, instance:com.bank.testsuite.BankTest@7494e528]" name="setUp" is-config="true" duration-ms="2725" started-at="2023-07-16T15:13:50 BST" finished-at="2023-07-16T15:13:53 BST">
          <reporter-output>
          </reporter-output>
        </test-method> <!-- setUp -->
        <test-method status="PASS" signature="inIT()[pri:0, instance:com.bank.testsuite.BankTest@7494e528]" name="inIT" is-config="true" duration-ms="2" started-at="2023-07-16T15:13:53 BST" finished-at="2023-07-16T15:13:53 BST">
          <reporter-output>
          </reporter-output>
        </test-method> <!-- inIT -->
        <test-method status="PASS" signature="customerShouldDepositMoneySuccessfully()[pri:0, instance:com.bank.testsuite.BankTest@7494e528]" name="customerShouldDepositMoneySuccessfully" duration-ms="7005" started-at="2023-07-16T15:13:53 BST" finished-at="2023-07-16T15:14:00 BST">
          <reporter-output>
          </reporter-output>
        </test-method> <!-- customerShouldDepositMoneySuccessfully -->
        <test-method status="PASS" signature="tearDown()[pri:0, instance:com.bank.testsuite.BankTest@7494e528]" name="tearDown" is-config="true" duration-ms="664" started-at="2023-07-16T15:14:00 BST" finished-at="2023-07-16T15:14:01 BST">
          <reporter-output>
          </reporter-output>
        </test-method> <!-- tearDown -->
        <test-method status="PASS" signature="setUp()[pri:0, instance:com.bank.testsuite.BankTest@7494e528]" name="setUp" is-config="true" duration-ms="2610" started-at="2023-07-16T15:14:01 BST" finished-at="2023-07-16T15:14:03 BST">
          <reporter-output>
          </reporter-output>
        </test-method> <!-- setUp -->
        <test-method status="PASS" signature="inIT()[pri:0, instance:com.bank.testsuite.BankTest@7494e528]" name="inIT" is-config="true" duration-ms="2" started-at="2023-07-16T15:14:03 BST" finished-at="2023-07-16T15:14:03 BST">
          <reporter-output>
          </reporter-output>
        </test-method> <!-- inIT -->
        <test-method status="PASS" signature="customerShouldLoginAndLogoutSuceessfully()[pri:0, instance:com.bank.testsuite.BankTest@7494e528]" name="customerShouldLoginAndLogoutSuceessfully" duration-ms="5939" started-at="2023-07-16T15:14:03 BST" finished-at="2023-07-16T15:14:09 BST">
          <reporter-output>
          </reporter-output>
        </test-method> <!-- customerShouldLoginAndLogoutSuceessfully -->
        <test-method status="PASS" signature="tearDown()[pri:0, instance:com.bank.testsuite.BankTest@7494e528]" name="tearDown" is-config="true" duration-ms="662" started-at="2023-07-16T15:14:09 BST" finished-at="2023-07-16T15:14:10 BST">
          <reporter-output>
          </reporter-output>
        </test-method> <!-- tearDown -->
        <test-method status="PASS" signature="setUp()[pri:0, instance:com.bank.testsuite.BankTest@7494e528]" name="setUp" is-config="true" duration-ms="2576" started-at="2023-07-16T15:14:10 BST" finished-at="2023-07-16T15:14:13 BST">
          <reporter-output>
          </reporter-output>
        </test-method> <!-- setUp -->
        <test-method status="PASS" signature="inIT()[pri:0, instance:com.bank.testsuite.BankTest@7494e528]" name="inIT" is-config="true" duration-ms="1" started-at="2023-07-16T15:14:13 BST" finished-at="2023-07-16T15:14:13 BST">
          <reporter-output>
          </reporter-output>
        </test-method> <!-- inIT -->
        <test-method status="FAIL" signature="customerShouldWithdrawMoneySuccessfully()[pri:0, instance:com.bank.testsuite.BankTest@7494e528]" name="customerShouldWithdrawMoneySuccessfully" duration-ms="6033" started-at="2023-07-16T15:14:13 BST" finished-at="2023-07-16T15:14:19 BST">
          <exception class="java.lang.AssertionError">
            <message>
              <![CDATA[Transaction Successful is not displayed expected [Transaction Successful] but found [Transaction Failed. You can not withdraw amount more than the balance.]]]>
            </message>
            <full-stacktrace>
              <![CDATA[java.lang.AssertionError: Transaction Successful is not displayed expected [Transaction Successful] but found [Transaction Failed. You can not withdraw amount more than the balance.]
at org.testng.Assert.fail(Assert.java:110)
at org.testng.Assert.failNotEquals(Assert.java:1413)
at org.testng.Assert.assertEqualsImpl(Assert.java:149)
at org.testng.Assert.assertEquals(Assert.java:131)
at org.testng.Assert.assertEquals(Assert.java:655)
at com.bank.testsuite.BankTest.customerShouldWithdrawMoneySuccessfully(BankTest.java:175)
at sun.reflect.NativeMethodAccessorImpl.invoke0(Native Method)
at sun.reflect.NativeMethodAccessorImpl.invoke(NativeMethodAccessorImpl.java:62)
at sun.reflect.DelegatingMethodAccessorImpl.invoke(DelegatingMethodAccessorImpl.java:43)
at java.lang.reflect.Method.invoke(Method.java:498)
at org.testng.internal.invokers.MethodInvocationHelper.invokeMethod(MethodInvocationHelper.java:135)
at org.testng.internal.invokers.TestInvoker.invokeMethod(TestInvoker.java:673)
at org.testng.internal.invokers.TestInvoker.invokeTestMethod(TestInvoker.java:220)
at org.testng.internal.invokers.MethodRunner.runInSequence(MethodRunner.java:50)
at org.testng.internal.invokers.TestInvoker$MethodInvocationAgent.invoke(TestInvoker.java:945)
at org.testng.internal.invokers.TestInvoker.invokeTestMethods(TestInvoker.java:193)
at org.testng.internal.invokers.TestMethodWorker.invokeTestMethods(TestMethodWorker.java:146)
at org.testng.internal.invokers.TestMethodWorker.run(TestMethodWorker.java:128)
at java.util.ArrayList.forEach(ArrayList.java:1249)
at org.testng.TestRunner.privateRun(TestRunner.java:808)
at org.testng.TestRunner.run(TestRunner.java:603)
at org.testng.SuiteRunner.runTest(SuiteRunner.java:429)
at org.testng.SuiteRunner.runSequentially(SuiteRunner.java:423)
at org.testng.SuiteRunner.privateRun(SuiteRunner.java:383)
at org.testng.SuiteRunner.run(SuiteRunner.java:326)
at org.testng.SuiteRunnerWorker.runSuite(SuiteRunnerWorker.java:52)
at org.testng.SuiteRunnerWorker.run(SuiteRunnerWorker.java:95)
at org.testng.TestNG.runSuitesSequentially(TestNG.java:1249)
at org.testng.TestNG.runSuitesLocally(TestNG.java:1169)
at org.testng.TestNG.runSuites(TestNG.java:1092)
at org.testng.TestNG.run(TestNG.java:1060)
at com.intellij.rt.testng.IDEARemoteTestNG.run(IDEARemoteTestNG.java:66)
at com.intellij.rt.testng.RemoteTestNGStarter.main(RemoteTestNGStarter.java:105)
]]>
            </full-stacktrace>
          </exception> <!-- java.lang.AssertionError -->
          <reporter-output>
          </reporter-output>
        </test-method> <!-- customerShouldWithdrawMoneySuccessfully -->
        <test-method status="PASS" signature="tearDown()[pri:0, instance:com.bank.testsuite.BankTest@7494e528]" name="tearDown" is-config="true" duration-ms="667" started-at="2023-07-16T15:14:19 BST" finished-at="2023-07-16T15:14:19 BST">
          <reporter-output>
          </reporter-output>
        </test-method> <!-- tearDown -->
      </class> <!-- com.bank.testsuite.BankTest -->
    </test> <!-- Bank Test -->
  </suite> <!-- testsuite -->
</testng-results>
